<?xml version="1.0" encoding="UTF-8"?>
<!-- Generated by org.testng.reporters.JUnitReportReporter -->
<testsuite skipped="0" hostname="DESKTOP-P4MT87I" name="automationframework.PomDemo" tests="3" failures="0" timestamp="25 Jun 2022 12:47:53 GMT" time="43.800" errors="0">
  <testcase name="a_pageLoad" time="38.094" classname="automationframework.PomDemo"/>
  <testcase name="c_logout" time="2.237" classname="automationframework.PomDemo"/>
  <testcase name="b_login" time="3.469" classname="automationframework.PomDemo"/>
</testsuite> <!-- automationframework.PomDemo -->
